{"C:\\reposss\\movie-capstone-api\\src\\modules\\comment-counter.js": {"path":"C:\\reposss\\movie-capstone-api\\src\\modules\\comment-counter.js","statementMap":{"0":{"start":{"line":1,"column":23},"end":{"line":1,"column":48}},"1":{"start":{"line":1,"column":35},"end":{"line":1,"column":48}}},"fnMap":{"0":{"name":"(anonymous_0)","decl":{"start":{"line":1,"column":23},"end":{"line":1,"column":24}},"loc":{"start":{"line":1,"column":35},"end":{"line":1,"column":48}},"line":1}},"branchMap":{},"s":{"0":1,"1":1},"f":{"0":1},"b":{},"_coverageSchema":"1a1c01bbd47fc00a2c39e90264f33305004495a9","hash":"4b7d3d9a8f73b7a447dbf2cf7f3d31214f65626f"}
}
