{"C:\\Users\\Majioni\\Documents\\GitHub\\Js-Group Capstone\\movie-capstone-api\\src\\modules\\showitem.js": {"path":"C:\\Users\\Majioni\\Documents\\GitHub\\Js-Group Capstone\\movie-capstone-api\\src\\modules\\showitem.js","statementMap":{"0":{"start":{"line":3,"column":19},"end":{"line":7,"column":1}},"1":{"start":{"line":4,"column":2},"end":{"line":6,"column":3}},"2":{"start":{"line":5,"column":4},"end":{"line":5,"column":24}},"3":{"start":{"line":6,"column":4},"end":{"line":6,"column":11}},"4":{"start":{"line":10,"column":23},"end":{"line":91,"column":1}},"5":{"start":{"line":11,"column":24},"end":{"line":11,"column":41}},"6":{"start":{"line":12,"column":24},"end":{"line":12,"column":60}},"7":{"start":{"line":13,"column":24},"end":{"line":13,"column":51}},"8":{"start":{"line":14,"column":22},"end":{"line":14,"column":51}},"9":{"start":{"line":15,"column":2},"end":{"line":25,"column":3}},"10":{"start":{"line":15,"column":19},"end":{"line":15,"column":20}},"11":{"start":{"line":16,"column":4},"end":{"line":16,"column":45}},"12":{"start":{"line":17,"column":4},"end":{"line":23,"column":6}},"13":{"start":{"line":24,"column":4},"end":{"line":24,"column":38}},"14":{"start":{"line":27,"column":23},"end":{"line":27,"column":61}},"15":{"start":{"line":28,"column":17},"end":{"line":28,"column":42}},"16":{"start":{"line":29,"column":2},"end":{"line":29,"column":54}},"17":{"start":{"line":31,"column":23},"end":{"line":31,"column":61}},"18":{"start":{"line":32,"column":2},"end":{"line":37,"column":5}},"19":{"start":{"line":33,"column":4},"end":{"line":36,"column":7}},"20":{"start":{"line":34,"column":6},"end":{"line":34,"column":51}},"21":{"start":{"line":35,"column":6},"end":{"line":35,"column":92}},"22":{"start":{"line":38,"column":20},"end":{"line":38,"column":133}},"23":{"start":{"line":39,"column":19},"end":{"line":39,"column":41}},"24":{"start":{"line":40,"column":2},"end":{"line":43,"column":5}},"25":{"start":{"line":41,"column":21},"end":{"line":41,"column":76}},"26":{"start":{"line":42,"column":4},"end":{"line":42,"column":41}},"27":{"start":{"line":46,"column":19},"end":{"line":82,"column":3}},"28":{"start":{"line":47,"column":21},"end":{"line":47,"column":70}},"29":{"start":{"line":48,"column":19},"end":{"line":48,"column":40}},"30":{"start":{"line":49,"column":22},"end":{"line":49,"column":51}},"31":{"start":{"line":50,"column":4},"end":{"line":50,"column":45}},"32":{"start":{"line":51,"column":17},"end":{"line":51,"column":47}},"33":{"start":{"line":52,"column":4},"end":{"line":73,"column":6}},"34":{"start":{"line":74,"column":4},"end":{"line":74,"column":27}},"35":{"start":{"line":76,"column":18},"end":{"line":76,"column":50}},"36":{"start":{"line":77,"column":4},"end":{"line":81,"column":7}},"37":{"start":{"line":78,"column":6},"end":{"line":78,"column":45}},"38":{"start":{"line":79,"column":19},"end":{"line":79,"column":49}},"39":{"start":{"line":80,"column":6},"end":{"line":80,"column":39}},"40":{"start":{"line":84,"column":22},"end":{"line":84,"column":60}},"41":{"start":{"line":85,"column":2},"end":{"line":90,"column":5}},"42":{"start":{"line":86,"column":4},"end":{"line":89,"column":7}},"43":{"start":{"line":87,"column":6},"end":{"line":87,"column":39}},"44":{"start":{"line":88,"column":6},"end":{"line":88,"column":48}}},"fnMap":{"0":{"name":"(anonymous_0)","decl":{"start":{"line":3,"column":19},"end":{"line":3,"column":20}},"loc":{"start":{"line":3,"column":30},"end":{"line":7,"column":1}},"line":3},"1":{"name":"(anonymous_1)","decl":{"start":{"line":10,"column":23},"end":{"line":10,"column":24}},"loc":{"start":{"line":10,"column":35},"end":{"line":91,"column":1}},"line":10},"2":{"name":"(anonymous_2)","decl":{"start":{"line":32,"column":23},"end":{"line":32,"column":24}},"loc":{"start":{"line":32,"column":33},"end":{"line":37,"column":3}},"line":32},"3":{"name":"(anonymous_3)","decl":{"start":{"line":33,"column":35},"end":{"line":33,"column":36}},"loc":{"start":{"line":33,"column":42},"end":{"line":36,"column":5}},"line":33},"4":{"name":"(anonymous_4)","decl":{"start":{"line":40,"column":19},"end":{"line":40,"column":20}},"loc":{"start":{"line":40,"column":29},"end":{"line":43,"column":3}},"line":40},"5":{"name":"(anonymous_5)","decl":{"start":{"line":46,"column":19},"end":{"line":46,"column":20}},"loc":{"start":{"line":46,"column":33},"end":{"line":82,"column":3}},"line":46},"6":{"name":"(anonymous_6)","decl":{"start":{"line":77,"column":36},"end":{"line":77,"column":37}},"loc":{"start":{"line":77,"column":42},"end":{"line":81,"column":5}},"line":77},"7":{"name":"(anonymous_7)","decl":{"start":{"line":85,"column":22},"end":{"line":85,"column":23}},"loc":{"start":{"line":85,"column":34},"end":{"line":90,"column":3}},"line":85},"8":{"name":"(anonymous_8)","decl":{"start":{"line":86,"column":37},"end":{"line":86,"column":38}},"loc":{"start":{"line":86,"column":44},"end":{"line":89,"column":5}},"line":86}},"branchMap":{"0":{"loc":{"start":{"line":4,"column":2},"end":{"line":6,"column":3}},"type":"if","locations":[{"start":{"line":4,"column":2},"end":{"line":6,"column":3}},{"start":{},"end":{}}],"line":4}},"s":{"0":1,"1":3,"2":2,"3":1,"4":1,"5":0,"6":0,"7":0,"8":0,"9":0,"10":0,"11":0,"12":0,"13":0,"14":0,"15":0,"16":0,"17":0,"18":0,"19":0,"20":0,"21":0,"22":0,"23":0,"24":0,"25":0,"26":0,"27":0,"28":0,"29":0,"30":0,"31":0,"32":0,"33":0,"34":0,"35":0,"36":0,"37":0,"38":0,"39":0,"40":0,"41":0,"42":0,"43":0,"44":0},"f":{"0":3,"1":0,"2":0,"3":0,"4":0,"5":0,"6":0,"7":0,"8":0},"b":{"0":[2,1]},"_coverageSchema":"1a1c01bbd47fc00a2c39e90264f33305004495a9","hash":"2a64aa03984abf172c0056da1317644f79decab9"}
,"C:\\Users\\Majioni\\Documents\\GitHub\\Js-Group Capstone\\movie-capstone-api\\src\\modules\\showlist.js": {"path":"C:\\Users\\Majioni\\Documents\\GitHub\\Js-Group Capstone\\movie-capstone-api\\src\\modules\\showlist.js","statementMap":{"0":{"start":{"line":2,"column":19},"end":{"line":2,"column":49}},"1":{"start":{"line":3,"column":18},"end":{"line":7,"column":1}},"2":{"start":{"line":4,"column":19},"end":{"line":4,"column":42}},"3":{"start":{"line":5,"column":21},"end":{"line":5,"column":42}},"4":{"start":{"line":6,"column":2},"end":{"line":6,"column":20}},"5":{"start":{"line":9,"column":26},"end":{"line":9,"column":126}},"6":{"start":{"line":10,"column":18},"end":{"line":21,"column":1}},"7":{"start":{"line":11,"column":19},"end":{"line":17,"column":4}},"8":{"start":{"line":18,"column":22},"end":{"line":18,"column":64}},"9":{"start":{"line":20,"column":2},"end":{"line":20,"column":21}}},"fnMap":{"0":{"name":"(anonymous_0)","decl":{"start":{"line":3,"column":18},"end":{"line":3,"column":19}},"loc":{"start":{"line":3,"column":30},"end":{"line":7,"column":1}},"line":3},"1":{"name":"(anonymous_1)","decl":{"start":{"line":10,"column":18},"end":{"line":10,"column":19}},"loc":{"start":{"line":10,"column":32},"end":{"line":21,"column":1}},"line":10}},"branchMap":{},"s":{"0":1,"1":1,"2":0,"3":0,"4":0,"5":1,"6":1,"7":0,"8":0,"9":0},"f":{"0":0,"1":0},"b":{},"_coverageSchema":"1a1c01bbd47fc00a2c39e90264f33305004495a9","hash":"4f7758e9b23c76df305b1223af236b47945e834d"}
}
