TN:
SF:src\modules\showitem.js
FN:3,(anonymous_0)
FN:10,(anonymous_1)
FN:32,(anonymous_2)
FN:33,(anonymous_3)
FN:40,(anonymous_4)
FN:46,(anonymous_5)
FN:77,(anonymous_6)
FN:85,(anonymous_7)
FN:86,(anonymous_8)
FNF:9
FNH:1
FNDA:3,(anonymous_0)
FNDA:0,(anonymous_1)
FNDA:0,(anonymous_2)
FNDA:0,(anonymous_3)
FNDA:0,(anonymous_4)
FNDA:0,(anonymous_5)
FNDA:0,(anonymous_6)
FNDA:0,(anonymous_7)
FNDA:0,(anonymous_8)
DA:3,1
DA:4,3
DA:5,2
DA:6,1
DA:10,1
DA:11,0
DA:12,0
DA:13,0
DA:14,0
DA:15,0
DA:16,0
DA:17,0
DA:24,0
DA:27,0
DA:28,0
DA:29,0
DA:31,0
DA:32,0
DA:33,0
DA:34,0
DA:35,0
DA:38,0
DA:39,0
DA:40,0
DA:41,0
DA:42,0
DA:46,0
DA:47,0
DA:48,0
DA:49,0
DA:50,0
DA:51,0
DA:52,0
DA:74,0
DA:76,0
DA:77,0
DA:78,0
DA:79,0
DA:80,0
DA:84,0
DA:85,0
DA:86,0
DA:87,0
DA:88,0
LF:44
LH:5
BRDA:4,0,0,2
BRDA:4,0,1,1
BRF:2
BRH:2
end_of_record
TN:
SF:src\modules\showlist.js
FN:3,(anonymous_0)
FN:10,(anonymous_1)
FNF:2
FNH:0
FNDA:0,(anonymous_0)
FNDA:0,(anonymous_1)
DA:2,1
DA:3,1
DA:4,0
DA:5,0
DA:6,0
DA:9,1
DA:10,1
DA:11,0
DA:18,0
DA:20,0
LF:10
LH:4
BRF:0
BRH:0
end_of_record
